\BOOKMARK [0][-]{chapter.1}{\376\377\0001\000\040\000S\000O\000S\000\137\000R\000E\000A\000D\000M\000E}{}% 1
\BOOKMARK [0][-]{chapter.2}{\376\377\0002\000\040\000S\000O\000S\000\137\000R\000E\000A\000D\000M\000E}{}% 2
\BOOKMARK [0][-]{chapter.3}{\376\377\0003\000\040\000N\000a\000m\000e\000s\000p\000a\000c\000e\000\040\000I\000n\000d\000e\000x}{}% 3
\BOOKMARK [1][-]{section.3.1}{\376\377\0003\000.\0001\000\040\000P\000a\000c\000k\000a\000g\000e\000s}{chapter.3}% 4
\BOOKMARK [0][-]{chapter.4}{\376\377\0004\000\040\000H\000i\000e\000r\000a\000r\000c\000h\000i\000c\000a\000l\000\040\000I\000n\000d\000e\000x}{}% 5
\BOOKMARK [1][-]{section.4.1}{\376\377\0004\000.\0001\000\040\000C\000l\000a\000s\000s\000\040\000H\000i\000e\000r\000a\000r\000c\000h\000y}{chapter.4}% 6
\BOOKMARK [0][-]{chapter.5}{\376\377\0005\000\040\000C\000l\000a\000s\000s\000\040\000I\000n\000d\000e\000x}{}% 7
\BOOKMARK [1][-]{section.5.1}{\376\377\0005\000.\0001\000\040\000C\000l\000a\000s\000s\000\040\000L\000i\000s\000t}{chapter.5}% 8
\BOOKMARK [0][-]{chapter.6}{\376\377\0006\000\040\000N\000a\000m\000e\000s\000p\000a\000c\000e\000\040\000D\000o\000c\000u\000m\000e\000n\000t\000a\000t\000i\000o\000n}{}% 9
\BOOKMARK [1][-]{section.6.1}{\376\377\0006\000.\0001\000\040\000l\000a\000t\000e\000x\000\137\000c\000u\000r\000r\000i\000c\000u\000l\000u\000m\000\137\000v\000i\000t\000a\000e\000\040\000N\000a\000m\000e\000s\000p\000a\000c\000e\000\040\000R\000e\000f\000e\000r\000e\000n\000c\000e}{chapter.6}% 10
\BOOKMARK [1][-]{section.6.2}{\376\377\0006\000.\0002\000\040\000l\000a\000t\000e\000x\000\137\000c\000u\000r\000r\000i\000c\000u\000l\000u\000m\000\137\000v\000i\000t\000a\000e\000.\000D\000a\000t\000a\000\040\000N\000a\000m\000e\000s\000p\000a\000c\000e\000\040\000R\000e\000f\000e\000r\000e\000n\000c\000e}{chapter.6}% 11
\BOOKMARK [1][-]{section.6.3}{\376\377\0006\000.\0003\000\040\000l\000a\000t\000e\000x\000\137\000c\000u\000r\000r\000i\000c\000u\000l\000u\000m\000\137\000v\000i\000t\000a\000e\000.\000M\000a\000p\000p\000e\000r\000s\000\040\000N\000a\000m\000e\000s\000p\000a\000c\000e\000\040\000R\000e\000f\000e\000r\000e\000n\000c\000e}{chapter.6}% 12
\BOOKMARK [1][-]{section.6.4}{\376\377\0006\000.\0004\000\040\000l\000a\000t\000e\000x\000\137\000c\000u\000r\000r\000i\000c\000u\000l\000u\000m\000\137\000v\000i\000t\000a\000e\000.\000M\000o\000d\000e\000l\000s\000\040\000N\000a\000m\000e\000s\000p\000a\000c\000e\000\040\000R\000e\000f\000e\000r\000e\000n\000c\000e}{chapter.6}% 13
\BOOKMARK [1][-]{section.6.5}{\376\377\0006\000.\0005\000\040\000l\000a\000t\000e\000x\000\137\000c\000u\000r\000r\000i\000c\000u\000l\000u\000m\000\137\000v\000i\000t\000a\000e\000.\000P\000r\000o\000p\000e\000r\000t\000i\000e\000s\000\040\000N\000a\000m\000e\000s\000p\000a\000c\000e\000\040\000R\000e\000f\000e\000r\000e\000n\000c\000e}{chapter.6}% 14
\BOOKMARK [1][-]{section.6.6}{\376\377\0006\000.\0006\000\040\000l\000a\000t\000e\000x\000\137\000c\000u\000r\000r\000i\000c\000u\000l\000u\000m\000\137\000v\000i\000t\000a\000e\000.\000S\000e\000r\000v\000i\000c\000e\000s\000\040\000N\000a\000m\000e\000s\000p\000a\000c\000e\000\040\000R\000e\000f\000e\000r\000e\000n\000c\000e}{chapter.6}% 15
\BOOKMARK [0][-]{chapter.7}{\376\377\0007\000\040\000C\000l\000a\000s\000s\000\040\000D\000o\000c\000u\000m\000e\000n\000t\000a\000t\000i\000o\000n}{}% 16
\BOOKMARK [1][-]{section.7.1}{\376\377\0007\000.\0001\000\040\000l\000a\000t\000e\000x\000\137\000c\000u\000r\000r\000i\000c\000u\000l\000u\000m\000\137\000v\000i\000t\000a\000e\000.\000A\000p\000p\000\040\000C\000l\000a\000s\000s\000\040\000R\000e\000f\000e\000r\000e\000n\000c\000e}{chapter.7}% 17
\BOOKMARK [2][-]{subsection.7.1.1}{\376\377\0007\000.\0001\000.\0001\000\040\000D\000e\000t\000a\000i\000l\000e\000d\000\040\000D\000e\000s\000c\000r\000i\000p\000t\000i\000o\000n}{section.7.1}% 18
\BOOKMARK [2][-]{subsection.7.1.2}{\376\377\0007\000.\0001\000.\0002\000\040\000M\000e\000m\000b\000e\000r\000\040\000F\000u\000n\000c\000t\000i\000o\000n\000\040\000D\000o\000c\000u\000m\000e\000n\000t\000a\000t\000i\000o\000n}{section.7.1}% 19
\BOOKMARK [3][-]{subsubsection.7.1.2.1}{\376\377\0007\000.\0001\000.\0002\000.\0001\000\040\000I\000n\000i\000t\000i\000a\000l\000i\000z\000e\000C\000o\000m\000p\000o\000n\000e\000n\000t\000\050\000\051\000\040\000[\0001\000/\0008\000]}{subsection.7.1.2}% 20
\BOOKMARK [3][-]{subsubsection.7.1.2.2}{\376\377\0007\000.\0001\000.\0002\000.\0002\000\040\000I\000n\000i\000t\000i\000a\000l\000i\000z\000e\000C\000o\000m\000p\000o\000n\000e\000n\000t\000\050\000\051\000\040\000[\0002\000/\0008\000]}{subsection.7.1.2}% 21
\BOOKMARK [3][-]{subsubsection.7.1.2.3}{\376\377\0007\000.\0001\000.\0002\000.\0003\000\040\000I\000n\000i\000t\000i\000a\000l\000i\000z\000e\000C\000o\000m\000p\000o\000n\000e\000n\000t\000\050\000\051\000\040\000[\0003\000/\0008\000]}{subsection.7.1.2}% 22
\BOOKMARK [3][-]{subsubsection.7.1.2.4}{\376\377\0007\000.\0001\000.\0002\000.\0004\000\040\000I\000n\000i\000t\000i\000a\000l\000i\000z\000e\000C\000o\000m\000p\000o\000n\000e\000n\000t\000\050\000\051\000\040\000[\0004\000/\0008\000]}{subsection.7.1.2}% 23
\BOOKMARK [3][-]{subsubsection.7.1.2.5}{\376\377\0007\000.\0001\000.\0002\000.\0005\000\040\000I\000n\000i\000t\000i\000a\000l\000i\000z\000e\000C\000o\000m\000p\000o\000n\000e\000n\000t\000\050\000\051\000\040\000[\0005\000/\0008\000]}{subsection.7.1.2}% 24
\BOOKMARK [3][-]{subsubsection.7.1.2.6}{\376\377\0007\000.\0001\000.\0002\000.\0006\000\040\000I\000n\000i\000t\000i\000a\000l\000i\000z\000e\000C\000o\000m\000p\000o\000n\000e\000n\000t\000\050\000\051\000\040\000[\0006\000/\0008\000]}{subsection.7.1.2}% 25
\BOOKMARK [3][-]{subsubsection.7.1.2.7}{\376\377\0007\000.\0001\000.\0002\000.\0007\000\040\000I\000n\000i\000t\000i\000a\000l\000i\000z\000e\000C\000o\000m\000p\000o\000n\000e\000n\000t\000\050\000\051\000\040\000[\0007\000/\0008\000]}{subsection.7.1.2}% 26
\BOOKMARK [3][-]{subsubsection.7.1.2.8}{\376\377\0007\000.\0001\000.\0002\000.\0008\000\040\000I\000n\000i\000t\000i\000a\000l\000i\000z\000e\000C\000o\000m\000p\000o\000n\000e\000n\000t\000\050\000\051\000\040\000[\0008\000/\0008\000]}{subsection.7.1.2}% 27
\BOOKMARK [3][-]{subsubsection.7.1.2.9}{\376\377\0007\000.\0001\000.\0002\000.\0009\000\040\000M\000a\000i\000n\000\050\000\051\000\040\000[\0001\000/\0008\000]}{subsection.7.1.2}% 28
\BOOKMARK [3][-]{subsubsection.7.1.2.10}{\376\377\0007\000.\0001\000.\0002\000.\0001\0000\000\040\000M\000a\000i\000n\000\050\000\051\000\040\000[\0002\000/\0008\000]}{subsection.7.1.2}% 29
\BOOKMARK [3][-]{subsubsection.7.1.2.11}{\376\377\0007\000.\0001\000.\0002\000.\0001\0001\000\040\000M\000a\000i\000n\000\050\000\051\000\040\000[\0003\000/\0008\000]}{subsection.7.1.2}% 30
\BOOKMARK [3][-]{subsubsection.7.1.2.12}{\376\377\0007\000.\0001\000.\0002\000.\0001\0002\000\040\000M\000a\000i\000n\000\050\000\051\000\040\000[\0004\000/\0008\000]}{subsection.7.1.2}% 31
\BOOKMARK [3][-]{subsubsection.7.1.2.13}{\376\377\0007\000.\0001\000.\0002\000.\0001\0003\000\040\000M\000a\000i\000n\000\050\000\051\000\040\000[\0005\000/\0008\000]}{subsection.7.1.2}% 32
\BOOKMARK [3][-]{subsubsection.7.1.2.14}{\376\377\0007\000.\0001\000.\0002\000.\0001\0004\000\040\000M\000a\000i\000n\000\050\000\051\000\040\000[\0006\000/\0008\000]}{subsection.7.1.2}% 33
\BOOKMARK [3][-]{subsubsection.7.1.2.15}{\376\377\0007\000.\0001\000.\0002\000.\0001\0005\000\040\000M\000a\000i\000n\000\050\000\051\000\040\000[\0007\000/\0008\000]}{subsection.7.1.2}% 34
\BOOKMARK [3][-]{subsubsection.7.1.2.16}{\376\377\0007\000.\0001\000.\0002\000.\0001\0006\000\040\000M\000a\000i\000n\000\050\000\051\000\040\000[\0008\000/\0008\000]}{subsection.7.1.2}% 35
\BOOKMARK [1][-]{section.7.2}{\376\377\0007\000.\0002\000\040\000l\000a\000t\000e\000x\000\137\000c\000u\000r\000r\000i\000c\000u\000l\000u\000m\000\137\000v\000i\000t\000a\000e\000.\000B\000u\000i\000l\000d\000\040\000C\000l\000a\000s\000s\000\040\000R\000e\000f\000e\000r\000e\000n\000c\000e}{chapter.7}% 36
\BOOKMARK [2][-]{subsection.7.2.1}{\376\377\0007\000.\0002\000.\0001\000\040\000D\000e\000t\000a\000i\000l\000e\000d\000\040\000D\000e\000s\000c\000r\000i\000p\000t\000i\000o\000n}{section.7.2}% 37
\BOOKMARK [2][-]{subsection.7.2.2}{\376\377\0007\000.\0002\000.\0002\000\040\000M\000e\000m\000b\000e\000r\000\040\000F\000u\000n\000c\000t\000i\000o\000n\000\040\000D\000o\000c\000u\000m\000e\000n\000t\000a\000t\000i\000o\000n}{section.7.2}% 38
\BOOKMARK [3][-]{subsubsection.7.2.2.1}{\376\377\0007\000.\0002\000.\0002\000.\0001\000\040\000C\000o\000m\000b\000i\000n\000e\000A\000p\000p\000l\000i\000c\000a\000t\000i\000o\000n\000\050\000\051}{subsection.7.2.2}% 39
\BOOKMARK [3][-]{subsubsection.7.2.2.2}{\376\377\0007\000.\0002\000.\0002\000.\0002\000\040\000C\000o\000m\000p\000i\000l\000e\000A\000p\000p\000l\000i\000c\000a\000t\000i\000o\000n\000\050\000\051}{subsection.7.2.2}% 40
\BOOKMARK [3][-]{subsubsection.7.2.2.3}{\376\377\0007\000.\0002\000.\0002\000.\0003\000\040\000C\000r\000e\000a\000t\000e\000A\000p\000p\000l\000i\000c\000a\000t\000i\000o\000n\000C\000o\000n\000f\000i\000g\000\050\000\051}{subsection.7.2.2}% 41
\BOOKMARK [3][-]{subsubsection.7.2.2.4}{\376\377\0007\000.\0002\000.\0002\000.\0004\000\040\000G\000e\000t\000E\000m\000a\000i\000l\000S\000u\000b\000j\000e\000c\000t\000\050\000\051}{subsection.7.2.2}% 42
\BOOKMARK [3][-]{subsubsection.7.2.2.5}{\376\377\0007\000.\0002\000.\0002\000.\0005\000\040\000G\000e\000t\000F\000i\000n\000a\000l\000P\000d\000f\000N\000a\000m\000e\000\050\000\051}{subsection.7.2.2}% 43
\BOOKMARK [3][-]{subsubsection.7.2.2.6}{\376\377\0007\000.\0002\000.\0002\000.\0006\000\040\000G\000e\000t\000S\000u\000b\000j\000e\000c\000t\000\050\000\051}{subsection.7.2.2}% 44
\BOOKMARK [3][-]{subsubsection.7.2.2.7}{\376\377\0007\000.\0002\000.\0002\000.\0007\000\040\000M\000e\000r\000g\000e\000P\000D\000F\000s\000\050\000\051}{subsection.7.2.2}% 45
\BOOKMARK [3][-]{subsubsection.7.2.2.8}{\376\377\0007\000.\0002\000.\0002\000.\0008\000\040\000O\000p\000e\000n\000E\000x\000p\000l\000o\000r\000e\000r\000\050\000\051}{subsection.7.2.2}% 46
\BOOKMARK [3][-]{subsubsection.7.2.2.9}{\376\377\0007\000.\0002\000.\0002\000.\0009\000\040\000P\000r\000e\000p\000a\000r\000e\000B\000u\000i\000l\000d\000\050\000\051}{subsection.7.2.2}% 47
\BOOKMARK [1][-]{section.7.3}{\376\377\0007\000.\0003\000\040\000l\000a\000t\000e\000x\000\137\000c\000u\000r\000r\000i\000c\000u\000l\000u\000m\000\137\000v\000i\000t\000a\000e\000.\000C\000o\000m\000p\000a\000n\000y\000\040\000C\000l\000a\000s\000s\000\040\000R\000e\000f\000e\000r\000e\000n\000c\000e}{chapter.7}% 48
\BOOKMARK [2][-]{subsection.7.3.1}{\376\377\0007\000.\0003\000.\0001\000\040\000D\000e\000t\000a\000i\000l\000e\000d\000\040\000D\000e\000s\000c\000r\000i\000p\000t\000i\000o\000n}{section.7.3}% 49
\BOOKMARK [2][-]{subsection.7.3.2}{\376\377\0007\000.\0003\000.\0002\000\040\000C\000o\000n\000s\000t\000r\000u\000c\000t\000o\000r\000\040\000\046\000\040\000D\000e\000s\000t\000r\000u\000c\000t\000o\000r\000\040\000D\000o\000c\000u\000m\000e\000n\000t\000a\000t\000i\000o\000n}{section.7.3}% 50
\BOOKMARK [3][-]{subsubsection.7.3.2.1}{\376\377\0007\000.\0003\000.\0002\000.\0001\000\040\000C\000o\000m\000p\000a\000n\000y\000\050\000\051\000\040\000[\0001\000/\0002\000]}{subsection.7.3.2}% 51
\BOOKMARK [3][-]{subsubsection.7.3.2.2}{\376\377\0007\000.\0003\000.\0002\000.\0002\000\040\000C\000o\000m\000p\000a\000n\000y\000\050\000\051\000\040\000[\0002\000/\0002\000]}{subsection.7.3.2}% 52
\BOOKMARK [1][-]{section.7.4}{\376\377\0007\000.\0004\000\040\000l\000a\000t\000e\000x\000\137\000c\000u\000r\000r\000i\000c\000u\000l\000u\000m\000\137\000v\000i\000t\000a\000e\000.\000C\000o\000n\000f\000i\000g\000u\000r\000a\000t\000i\000o\000n\000\040\000C\000l\000a\000s\000s\000\040\000R\000e\000f\000e\000r\000e\000n\000c\000e}{chapter.7}% 53
\BOOKMARK [2][-]{subsection.7.4.1}{\376\377\0007\000.\0004\000.\0001\000\040\000D\000e\000t\000a\000i\000l\000e\000d\000\040\000D\000e\000s\000c\000r\000i\000p\000t\000i\000o\000n}{section.7.4}% 54
\BOOKMARK [2][-]{subsection.7.4.2}{\376\377\0007\000.\0004\000.\0002\000\040\000M\000e\000m\000b\000e\000r\000\040\000F\000u\000n\000c\000t\000i\000o\000n\000\040\000D\000o\000c\000u\000m\000e\000n\000t\000a\000t\000i\000o\000n}{section.7.4}% 55
\BOOKMARK [3][-]{subsubsection.7.4.2.1}{\376\377\0007\000.\0004\000.\0002\000.\0001\000\040\000G\000e\000t\000S\000e\000t\000t\000i\000n\000g\000\050\000\051}{subsection.7.4.2}% 56
\BOOKMARK [3][-]{subsubsection.7.4.2.2}{\376\377\0007\000.\0004\000.\0002\000.\0002\000\040\000G\000e\000t\000V\000e\000r\000s\000i\000o\000n\000N\000u\000m\000b\000e\000r\000\050\000\051}{subsection.7.4.2}% 57
\BOOKMARK [3][-]{subsubsection.7.4.2.3}{\376\377\0007\000.\0004\000.\0002\000.\0003\000\040\000S\000e\000t\000S\000e\000t\000t\000i\000n\000g\000\050\000\051}{subsection.7.4.2}% 58
\BOOKMARK [1][-]{section.7.5}{\376\377\0007\000.\0005\000\040\000l\000a\000t\000e\000x\000\137\000c\000u\000r\000r\000i\000c\000u\000l\000u\000m\000\137\000v\000i\000t\000a\000e\000.\000C\000o\000n\000s\000t\000a\000n\000t\000s\000\040\000C\000l\000a\000s\000s\000\040\000R\000e\000f\000e\000r\000e\000n\000c\000e}{chapter.7}% 59
\BOOKMARK [1][-]{section.7.6}{\376\377\0007\000.\0006\000\040\000l\000a\000t\000e\000x\000\137\000c\000u\000r\000r\000i\000c\000u\000l\000u\000m\000\137\000v\000i\000t\000a\000e\000.\000C\000o\000n\000t\000a\000c\000t\000\040\000C\000l\000a\000s\000s\000\040\000R\000e\000f\000e\000r\000e\000n\000c\000e}{chapter.7}% 60
\BOOKMARK [2][-]{subsection.7.6.1}{\376\377\0007\000.\0006\000.\0001\000\040\000D\000e\000t\000a\000i\000l\000e\000d\000\040\000D\000e\000s\000c\000r\000i\000p\000t\000i\000o\000n}{section.7.6}% 61
\BOOKMARK [2][-]{subsection.7.6.2}{\376\377\0007\000.\0006\000.\0002\000\040\000C\000o\000n\000s\000t\000r\000u\000c\000t\000o\000r\000\040\000\046\000\040\000D\000e\000s\000t\000r\000u\000c\000t\000o\000r\000\040\000D\000o\000c\000u\000m\000e\000n\000t\000a\000t\000i\000o\000n}{section.7.6}% 62
\BOOKMARK [3][-]{subsubsection.7.6.2.1}{\376\377\0007\000.\0006\000.\0002\000.\0001\000\040\000C\000o\000n\000t\000a\000c\000t\000\050\000\051}{subsection.7.6.2}% 63
\BOOKMARK [2][-]{subsection.7.6.3}{\376\377\0007\000.\0006\000.\0003\000\040\000M\000e\000m\000b\000e\000r\000\040\000F\000u\000n\000c\000t\000i\000o\000n\000\040\000D\000o\000c\000u\000m\000e\000n\000t\000a\000t\000i\000o\000n}{section.7.6}% 64
\BOOKMARK [3][-]{subsubsection.7.6.3.1}{\376\377\0007\000.\0006\000.\0003\000.\0001\000\040\000A\000d\000d\000r\000e\000s\000s\000l\000i\000n\000e\000\050\000\051}{subsection.7.6.3}% 65
\BOOKMARK [3][-]{subsubsection.7.6.3.2}{\376\377\0007\000.\0006\000.\0003\000.\0002\000\040\000G\000e\000t\000S\000a\000l\000u\000t\000a\000t\000i\000o\000n\000\050\000\051}{subsection.7.6.3}% 66
\BOOKMARK [1][-]{section.7.7}{\376\377\0007\000.\0007\000\040\000l\000a\000t\000e\000x\000\137\000c\000u\000r\000r\000i\000c\000u\000l\000u\000m\000\137\000v\000i\000t\000a\000e\000.\000C\000S\000V\000E\000x\000p\000o\000r\000t\000\040\000C\000l\000a\000s\000s\000\040\000R\000e\000f\000e\000r\000e\000n\000c\000e}{chapter.7}% 67
\BOOKMARK [1][-]{section.7.8}{\376\377\0007\000.\0008\000\040\000l\000a\000t\000e\000x\000\137\000c\000u\000r\000r\000i\000c\000u\000l\000u\000m\000\137\000v\000i\000t\000a\000e\000.\000C\000o\000n\000s\000t\000a\000n\000t\000s\000.\000C\000s\000v\000H\000e\000a\000d\000e\000r\000s\000\040\000C\000l\000a\000s\000s\000\040\000R\000e\000f\000e\000r\000e\000n\000c\000e}{chapter.7}% 68
\BOOKMARK [1][-]{section.7.9}{\376\377\0007\000.\0009\000\040\000l\000a\000t\000e\000x\000\137\000c\000u\000r\000r\000i\000c\000u\000l\000u\000m\000\137\000v\000i\000t\000a\000e\000.\000S\000e\000r\000v\000i\000c\000e\000s\000.\000C\000s\000v\000P\000a\000r\000s\000e\000r\000S\000e\000r\000v\000i\000c\000e\000\040\000C\000l\000a\000s\000s\000\040\000R\000e\000f\000e\000r\000e\000n\000c\000e}{chapter.7}% 69
\BOOKMARK [1][-]{section.7.10}{\376\377\0007\000.\0001\0000\000\040\000l\000a\000t\000e\000x\000\137\000c\000u\000r\000r\000i\000c\000u\000l\000u\000m\000\137\000v\000i\000t\000a\000e\000.\000D\000a\000t\000a\000b\000a\000s\000e\000W\000i\000n\000d\000o\000w\000\040\000C\000l\000a\000s\000s\000\040\000R\000e\000f\000e\000r\000e\000n\000c\000e}{chapter.7}% 70
\BOOKMARK [2][-]{subsection.7.10.1}{\376\377\0007\000.\0001\0000\000.\0001\000\040\000D\000e\000t\000a\000i\000l\000e\000d\000\040\000D\000e\000s\000c\000r\000i\000p\000t\000i\000o\000n}{section.7.10}% 71
\BOOKMARK [2][-]{subsection.7.10.2}{\376\377\0007\000.\0001\0000\000.\0002\000\040\000M\000e\000m\000b\000e\000r\000\040\000F\000u\000n\000c\000t\000i\000o\000n\000\040\000D\000o\000c\000u\000m\000e\000n\000t\000a\000t\000i\000o\000n}{section.7.10}% 72
\BOOKMARK [3][-]{subsubsection.7.10.2.1}{\376\377\0007\000.\0001\0000\000.\0002\000.\0001\000\040\000I\000n\000i\000t\000i\000a\000l\000i\000z\000e\000C\000o\000m\000p\000o\000n\000e\000n\000t\000\050\000\051\000\040\000[\0001\000/\0009\000]}{subsection.7.10.2}% 73
\BOOKMARK [3][-]{subsubsection.7.10.2.2}{\376\377\0007\000.\0001\0000\000.\0002\000.\0002\000\040\000I\000n\000i\000t\000i\000a\000l\000i\000z\000e\000C\000o\000m\000p\000o\000n\000e\000n\000t\000\050\000\051\000\040\000[\0002\000/\0009\000]}{subsection.7.10.2}% 74
\BOOKMARK [3][-]{subsubsection.7.10.2.3}{\376\377\0007\000.\0001\0000\000.\0002\000.\0003\000\040\000I\000n\000i\000t\000i\000a\000l\000i\000z\000e\000C\000o\000m\000p\000o\000n\000e\000n\000t\000\050\000\051\000\040\000[\0003\000/\0009\000]}{subsection.7.10.2}% 75
\BOOKMARK [3][-]{subsubsection.7.10.2.4}{\376\377\0007\000.\0001\0000\000.\0002\000.\0004\000\040\000I\000n\000i\000t\000i\000a\000l\000i\000z\000e\000C\000o\000m\000p\000o\000n\000e\000n\000t\000\050\000\051\000\040\000[\0004\000/\0009\000]}{subsection.7.10.2}% 76
\BOOKMARK [3][-]{subsubsection.7.10.2.5}{\376\377\0007\000.\0001\0000\000.\0002\000.\0005\000\040\000I\000n\000i\000t\000i\000a\000l\000i\000z\000e\000C\000o\000m\000p\000o\000n\000e\000n\000t\000\050\000\051\000\040\000[\0005\000/\0009\000]}{subsection.7.10.2}% 77
\BOOKMARK [3][-]{subsubsection.7.10.2.6}{\376\377\0007\000.\0001\0000\000.\0002\000.\0006\000\040\000I\000n\000i\000t\000i\000a\000l\000i\000z\000e\000C\000o\000m\000p\000o\000n\000e\000n\000t\000\050\000\051\000\040\000[\0006\000/\0009\000]}{subsection.7.10.2}% 78
\BOOKMARK [3][-]{subsubsection.7.10.2.7}{\376\377\0007\000.\0001\0000\000.\0002\000.\0007\000\040\000I\000n\000i\000t\000i\000a\000l\000i\000z\000e\000C\000o\000m\000p\000o\000n\000e\000n\000t\000\050\000\051\000\040\000[\0007\000/\0009\000]}{subsection.7.10.2}% 79
\BOOKMARK [3][-]{subsubsection.7.10.2.8}{\376\377\0007\000.\0001\0000\000.\0002\000.\0008\000\040\000I\000n\000i\000t\000i\000a\000l\000i\000z\000e\000C\000o\000m\000p\000o\000n\000e\000n\000t\000\050\000\051\000\040\000[\0008\000/\0009\000]}{subsection.7.10.2}% 80
\BOOKMARK [3][-]{subsubsection.7.10.2.9}{\376\377\0007\000.\0001\0000\000.\0002\000.\0009\000\040\000I\000n\000i\000t\000i\000a\000l\000i\000z\000e\000C\000o\000m\000p\000o\000n\000e\000n\000t\000\050\000\051\000\040\000[\0009\000/\0009\000]}{subsection.7.10.2}% 81
\BOOKMARK [1][-]{section.7.11}{\376\377\0007\000.\0001\0001\000\040\000l\000a\000t\000e\000x\000\137\000c\000u\000r\000r\000i\000c\000u\000l\000u\000m\000\137\000v\000i\000t\000a\000e\000.\000E\000m\000a\000i\000l\000\040\000C\000l\000a\000s\000s\000\040\000R\000e\000f\000e\000r\000e\000n\000c\000e}{chapter.7}% 82
\BOOKMARK [2][-]{subsection.7.11.1}{\376\377\0007\000.\0001\0001\000.\0001\000\040\000D\000e\000t\000a\000i\000l\000e\000d\000\040\000D\000e\000s\000c\000r\000i\000p\000t\000i\000o\000n}{section.7.11}% 83
\BOOKMARK [2][-]{subsection.7.11.2}{\376\377\0007\000.\0001\0001\000.\0002\000\040\000M\000e\000m\000b\000e\000r\000\040\000F\000u\000n\000c\000t\000i\000o\000n\000\040\000D\000o\000c\000u\000m\000e\000n\000t\000a\000t\000i\000o\000n}{section.7.11}% 84
\BOOKMARK [3][-]{subsubsection.7.11.2.1}{\376\377\0007\000.\0001\0001\000.\0002\000.\0001\000\040\000C\000r\000e\000a\000t\000e\000M\000e\000s\000s\000a\000g\000e\000\050\000\051}{subsection.7.11.2}% 85
\BOOKMARK [1][-]{section.7.12}{\376\377\0007\000.\0001\0002\000\040\000l\000a\000t\000e\000x\000\137\000c\000u\000r\000r\000i\000c\000u\000l\000u\000m\000\137\000v\000i\000t\000a\000e\000.\000C\000o\000n\000s\000t\000a\000n\000t\000s\000.\000G\000e\000n\000e\000r\000a\000l\000\040\000C\000l\000a\000s\000s\000\040\000R\000e\000f\000e\000r\000e\000n\000c\000e}{chapter.7}% 86
\BOOKMARK [1][-]{section.7.13}{\376\377\0007\000.\0001\0003\000\040\000l\000a\000t\000e\000x\000\137\000c\000u\000r\000r\000i\000c\000u\000l\000u\000m\000\137\000v\000i\000t\000a\000e\000.\000S\000e\000r\000v\000i\000c\000e\000s\000.\000I\000C\000s\000v\000P\000a\000r\000s\000e\000r\000S\000e\000r\000v\000i\000c\000e\000\040\000I\000n\000t\000e\000r\000f\000a\000c\000e\000\040\000R\000e\000f\000e\000r\000e\000n\000c\000e}{chapter.7}% 87
\BOOKMARK [1][-]{section.7.14}{\376\377\0007\000.\0001\0004\000\040\000l\000a\000t\000e\000x\000\137\000c\000u\000r\000r\000i\000c\000u\000l\000u\000m\000\137\000v\000i\000t\000a\000e\000.\000J\000o\000b\000A\000p\000p\000l\000i\000c\000a\000t\000i\000o\000n\000\040\000C\000l\000a\000s\000s\000\040\000R\000e\000f\000e\000r\000e\000n\000c\000e}{chapter.7}% 88
\BOOKMARK [2][-]{subsection.7.14.1}{\376\377\0007\000.\0001\0004\000.\0001\000\040\000D\000e\000t\000a\000i\000l\000e\000d\000\040\000D\000e\000s\000c\000r\000i\000p\000t\000i\000o\000n}{section.7.14}% 89
\BOOKMARK [2][-]{subsection.7.14.2}{\376\377\0007\000.\0001\0004\000.\0002\000\040\000C\000o\000n\000s\000t\000r\000u\000c\000t\000o\000r\000\040\000\046\000\040\000D\000e\000s\000t\000r\000u\000c\000t\000o\000r\000\040\000D\000o\000c\000u\000m\000e\000n\000t\000a\000t\000i\000o\000n}{section.7.14}% 90
\BOOKMARK [3][-]{subsubsection.7.14.2.1}{\376\377\0007\000.\0001\0004\000.\0002\000.\0001\000\040\000J\000o\000b\000A\000p\000p\000l\000i\000c\000a\000t\000i\000o\000n\000\050\000\051}{subsection.7.14.2}% 91
\BOOKMARK [2][-]{subsection.7.14.3}{\376\377\0007\000.\0001\0004\000.\0003\000\040\000M\000e\000m\000b\000e\000r\000\040\000F\000u\000n\000c\000t\000i\000o\000n\000\040\000D\000o\000c\000u\000m\000e\000n\000t\000a\000t\000i\000o\000n}{section.7.14}% 92
\BOOKMARK [3][-]{subsubsection.7.14.3.1}{\376\377\0007\000.\0001\0004\000.\0003\000.\0001\000\040\000F\000i\000x\000J\000o\000b\000A\000p\000p\000l\000i\000c\000a\000t\000i\000o\000n\000\050\000\051}{subsection.7.14.3}% 93
\BOOKMARK [1][-]{section.7.15}{\376\377\0007\000.\0001\0005\000\040\000l\000a\000t\000e\000x\000\137\000c\000u\000r\000r\000i\000c\000u\000l\000u\000m\000\137\000v\000i\000t\000a\000e\000.\000D\000a\000t\000a\000.\000J\000o\000b\000A\000p\000p\000l\000i\000c\000a\000t\000i\000o\000n\000D\000a\000t\000a\000\040\000C\000l\000a\000s\000s\000\040\000R\000e\000f\000e\000r\000e\000n\000c\000e}{chapter.7}% 94
\BOOKMARK [1][-]{section.7.16}{\376\377\0007\000.\0001\0006\000\040\000l\000a\000t\000e\000x\000\137\000c\000u\000r\000r\000i\000c\000u\000l\000u\000m\000\137\000v\000i\000t\000a\000e\000.\000D\000a\000t\000a\000.\000J\000o\000b\000A\000p\000p\000l\000i\000c\000a\000t\000i\000o\000n\000D\000a\000t\000a\000D\000b\000C\000o\000n\000t\000e\000x\000t\000\040\000C\000l\000a\000s\000s\000\040\000R\000e\000f\000e\000r\000e\000n\000c\000e}{chapter.7}% 95
\BOOKMARK [1][-]{section.7.17}{\376\377\0007\000.\0001\0007\000\040\000l\000a\000t\000e\000x\000\137\000c\000u\000r\000r\000i\000c\000u\000l\000u\000m\000\137\000v\000i\000t\000a\000e\000.\000M\000a\000p\000p\000e\000r\000s\000.\000J\000o\000b\000A\000p\000p\000l\000i\000c\000a\000t\000i\000o\000n\000M\000a\000p\000\040\000C\000l\000a\000s\000s\000\040\000R\000e\000f\000e\000r\000e\000n\000c\000e}{chapter.7}% 96
\BOOKMARK [1][-]{section.7.18}{\376\377\0007\000.\0001\0008\000\040\000l\000a\000t\000e\000x\000\137\000c\000u\000r\000r\000i\000c\000u\000l\000u\000m\000\137\000v\000i\000t\000a\000e\000.\000M\000o\000d\000e\000l\000s\000.\000J\000o\000b\000A\000p\000p\000l\000i\000c\000a\000t\000i\000o\000n\000M\000o\000d\000e\000l\000\040\000C\000l\000a\000s\000s\000\040\000R\000e\000f\000e\000r\000e\000n\000c\000e}{chapter.7}% 97
\BOOKMARK [1][-]{section.7.19}{\376\377\0007\000.\0001\0009\000\040\000l\000a\000t\000e\000x\000\137\000c\000u\000r\000r\000i\000c\000u\000l\000u\000m\000\137\000v\000i\000t\000a\000e\000.\000M\000a\000i\000n\000W\000i\000n\000d\000o\000w\000\040\000C\000l\000a\000s\000s\000\040\000R\000e\000f\000e\000r\000e\000n\000c\000e}{chapter.7}% 98
\BOOKMARK [2][-]{subsection.7.19.1}{\376\377\0007\000.\0001\0009\000.\0001\000\040\000D\000e\000t\000a\000i\000l\000e\000d\000\040\000D\000e\000s\000c\000r\000i\000p\000t\000i\000o\000n}{section.7.19}% 99
\BOOKMARK [2][-]{subsection.7.19.2}{\376\377\0007\000.\0001\0009\000.\0002\000\040\000M\000e\000m\000b\000e\000r\000\040\000F\000u\000n\000c\000t\000i\000o\000n\000\040\000D\000o\000c\000u\000m\000e\000n\000t\000a\000t\000i\000o\000n}{section.7.19}% 100
\BOOKMARK [3][-]{subsubsection.7.19.2.1}{\376\377\0007\000.\0001\0009\000.\0002\000.\0001\000\040\000I\000n\000i\000t\000i\000a\000l\000i\000z\000e\000C\000o\000m\000p\000o\000n\000e\000n\000t\000\050\000\051\000\040\000[\0001\000/\0001\0000\000]}{subsection.7.19.2}% 101
\BOOKMARK [3][-]{subsubsection.7.19.2.2}{\376\377\0007\000.\0001\0009\000.\0002\000.\0002\000\040\000I\000n\000i\000t\000i\000a\000l\000i\000z\000e\000C\000o\000m\000p\000o\000n\000e\000n\000t\000\050\000\051\000\040\000[\0002\000/\0001\0000\000]}{subsection.7.19.2}% 102
\BOOKMARK [3][-]{subsubsection.7.19.2.3}{\376\377\0007\000.\0001\0009\000.\0002\000.\0003\000\040\000I\000n\000i\000t\000i\000a\000l\000i\000z\000e\000C\000o\000m\000p\000o\000n\000e\000n\000t\000\050\000\051\000\040\000[\0003\000/\0001\0000\000]}{subsection.7.19.2}% 103
\BOOKMARK [3][-]{subsubsection.7.19.2.4}{\376\377\0007\000.\0001\0009\000.\0002\000.\0004\000\040\000I\000n\000i\000t\000i\000a\000l\000i\000z\000e\000C\000o\000m\000p\000o\000n\000e\000n\000t\000\050\000\051\000\040\000[\0004\000/\0001\0000\000]}{subsection.7.19.2}% 104
\BOOKMARK [3][-]{subsubsection.7.19.2.5}{\376\377\0007\000.\0001\0009\000.\0002\000.\0005\000\040\000I\000n\000i\000t\000i\000a\000l\000i\000z\000e\000C\000o\000m\000p\000o\000n\000e\000n\000t\000\050\000\051\000\040\000[\0005\000/\0001\0000\000]}{subsection.7.19.2}% 105
\BOOKMARK [3][-]{subsubsection.7.19.2.6}{\376\377\0007\000.\0001\0009\000.\0002\000.\0006\000\040\000I\000n\000i\000t\000i\000a\000l\000i\000z\000e\000C\000o\000m\000p\000o\000n\000e\000n\000t\000\050\000\051\000\040\000[\0006\000/\0001\0000\000]}{subsection.7.19.2}% 106
\BOOKMARK [3][-]{subsubsection.7.19.2.7}{\376\377\0007\000.\0001\0009\000.\0002\000.\0007\000\040\000I\000n\000i\000t\000i\000a\000l\000i\000z\000e\000C\000o\000m\000p\000o\000n\000e\000n\000t\000\050\000\051\000\040\000[\0007\000/\0001\0000\000]}{subsection.7.19.2}% 107
\BOOKMARK [3][-]{subsubsection.7.19.2.8}{\376\377\0007\000.\0001\0009\000.\0002\000.\0008\000\040\000I\000n\000i\000t\000i\000a\000l\000i\000z\000e\000C\000o\000m\000p\000o\000n\000e\000n\000t\000\050\000\051\000\040\000[\0008\000/\0001\0000\000]}{subsection.7.19.2}% 108
\BOOKMARK [3][-]{subsubsection.7.19.2.9}{\376\377\0007\000.\0001\0009\000.\0002\000.\0009\000\040\000I\000n\000i\000t\000i\000a\000l\000i\000z\000e\000C\000o\000m\000p\000o\000n\000e\000n\000t\000\050\000\051\000\040\000[\0009\000/\0001\0000\000]}{subsection.7.19.2}% 109
\BOOKMARK [3][-]{subsubsection.7.19.2.10}{\376\377\0007\000.\0001\0009\000.\0002\000.\0001\0000\000\040\000I\000n\000i\000t\000i\000a\000l\000i\000z\000e\000C\000o\000m\000p\000o\000n\000e\000n\000t\000\050\000\051\000\040\000[\0001\0000\000/\0001\0000\000]}{subsection.7.19.2}% 110
\BOOKMARK [1][-]{section.7.20}{\376\377\0007\000.\0002\0000\000\040\000l\000a\000t\000e\000x\000\137\000c\000u\000r\000r\000i\000c\000u\000l\000u\000m\000\137\000v\000i\000t\000a\000e\000.\000P\000r\000o\000p\000e\000r\000t\000i\000e\000s\000.\000R\000e\000s\000o\000u\000r\000c\000e\000s\000\040\000C\000l\000a\000s\000s\000\040\000R\000e\000f\000e\000r\000e\000n\000c\000e}{chapter.7}% 111
\BOOKMARK [2][-]{subsection.7.20.1}{\376\377\0007\000.\0002\0000\000.\0001\000\040\000D\000e\000t\000a\000i\000l\000e\000d\000\040\000D\000e\000s\000c\000r\000i\000p\000t\000i\000o\000n}{section.7.20}% 112
\BOOKMARK [2][-]{subsection.7.20.2}{\376\377\0007\000.\0002\0000\000.\0002\000\040\000P\000r\000o\000p\000e\000r\000t\000y\000\040\000D\000o\000c\000u\000m\000e\000n\000t\000a\000t\000i\000o\000n}{section.7.20}% 113
\BOOKMARK [3][-]{subsubsection.7.20.2.1}{\376\377\0007\000.\0002\0000\000.\0002\000.\0001\000\040\000A\000d\000d\000r\000e\000s\000s\000F\000e\000m\000a\000l\000e}{subsection.7.20.2}% 114
\BOOKMARK [3][-]{subsubsection.7.20.2.2}{\376\377\0007\000.\0002\0000\000.\0002\000.\0002\000\040\000A\000d\000d\000r\000e\000s\000s\000M\000a\000l\000e}{subsection.7.20.2}% 115
\BOOKMARK [3][-]{subsubsection.7.20.2.3}{\376\377\0007\000.\0002\0000\000.\0002\000.\0003\000\040\000A\000p\000p\000D\000o\000c}{subsection.7.20.2}% 116
\BOOKMARK [3][-]{subsubsection.7.20.2.4}{\376\377\0007\000.\0002\0000\000.\0002\000.\0004\000\040\000B\000t\000n\000E\000x\000i\000t}{subsection.7.20.2}% 117
\BOOKMARK [3][-]{subsubsection.7.20.2.5}{\376\377\0007\000.\0002\0000\000.\0002\000.\0005\000\040\000C\000e\000r\000t}{subsection.7.20.2}% 118
\BOOKMARK [3][-]{subsubsection.7.20.2.6}{\376\377\0007\000.\0002\0000\000.\0002\000.\0006\000\040\000C\000o\000s}{subsection.7.20.2}% 119
\BOOKMARK [3][-]{subsubsection.7.20.2.7}{\376\377\0007\000.\0002\0000\000.\0002\000.\0007\000\040\000C\000s\000v\000E\000m\000a\000i\000l\000S\000e\000n\000t}{subsection.7.20.2}% 120
\BOOKMARK [3][-]{subsubsection.7.20.2.8}{\376\377\0007\000.\0002\0000\000.\0002\000.\0008\000\040\000C\000u\000l\000t\000u\000r\000e}{subsection.7.20.2}% 121
\BOOKMARK [3][-]{subsubsection.7.20.2.9}{\376\377\0007\000.\0002\0000\000.\0002\000.\0009\000\040\000D\000w\000A\000d\000d\000A\000p\000p\000l\000i\000c\000a\000t\000i\000o\000n}{subsection.7.20.2}% 122
\BOOKMARK [3][-]{subsubsection.7.20.2.10}{\376\377\0007\000.\0002\0000\000.\0002\000.\0001\0000\000\040\000D\000w\000A\000d\000d\000N\000e\000w\000A\000p\000p\000l\000i\000c\000a\000t\000i\000o\000n}{subsection.7.20.2}% 123
\BOOKMARK [3][-]{subsubsection.7.20.2.11}{\376\377\0007\000.\0002\0000\000.\0002\000.\0001\0001\000\040\000D\000w\000A\000p\000p\000l\000i\000c\000a\000t\000i\000o\000n\000I\000d}{subsection.7.20.2}% 124
\BOOKMARK [3][-]{subsubsection.7.20.2.12}{\376\377\0007\000.\0002\0000\000.\0002\000.\0001\0002\000\040\000D\000w\000C\000i\000t\000y}{subsection.7.20.2}% 125
\BOOKMARK [3][-]{subsubsection.7.20.2.13}{\376\377\0007\000.\0002\0000\000.\0002\000.\0001\0003\000\040\000D\000w\000C\000o\000m\000p\000a\000n\000y}{subsection.7.20.2}% 126
\BOOKMARK [3][-]{subsubsection.7.20.2.14}{\376\377\0007\000.\0002\0000\000.\0002\000.\0001\0004\000\040\000D\000w\000C\000o\000n\000f\000i\000r\000m\000e\000d}{subsection.7.20.2}% 127
\BOOKMARK [3][-]{subsubsection.7.20.2.15}{\376\377\0007\000.\0002\0000\000.\0002\000.\0001\0005\000\040\000D\000w\000C\000o\000n\000t\000a\000c\000t}{subsection.7.20.2}% 128
\BOOKMARK [3][-]{subsubsection.7.20.2.16}{\376\377\0007\000.\0002\0000\000.\0002\000.\0001\0006\000\040\000D\000w\000D\000e\000l\000e\000t\000e\000A\000p\000p\000l\000i\000c\000a\000t\000i\000o\000n}{subsection.7.20.2}% 129
\BOOKMARK [3][-]{subsubsection.7.20.2.17}{\376\377\0007\000.\0002\0000\000.\0002\000.\0001\0007\000\040\000D\000w\000E\000d\000i\000t\000A\000p\000p\000l\000i\000c\000a\000t\000i\000o\000n}{subsection.7.20.2}% 130
\BOOKMARK [3][-]{subsubsection.7.20.2.18}{\376\377\0007\000.\0002\0000\000.\0002\000.\0001\0008\000\040\000D\000w\000H\000e\000a\000d\000e\000r}{subsection.7.20.2}% 131
\BOOKMARK [3][-]{subsubsection.7.20.2.19}{\376\377\0007\000.\0002\0000\000.\0002\000.\0001\0009\000\040\000D\000w\000H\000e\000a\000d\000e\000r\0001}{subsection.7.20.2}% 132
\BOOKMARK [3][-]{subsubsection.7.20.2.20}{\376\377\0007\000.\0002\0000\000.\0002\000.\0002\0000\000\040\000D\000w\000I\000n\000v\000i\000t\000e\000d}{subsection.7.20.2}% 133
\BOOKMARK [3][-]{subsubsection.7.20.2.21}{\376\377\0007\000.\0002\0000\000.\0002\000.\0002\0001\000\040\000D\000w\000J\000o\000b\000i\000n\000t\000e\000r\000v\000i\000e\000w}{subsection.7.20.2}% 134
\BOOKMARK [3][-]{subsubsection.7.20.2.22}{\376\377\0007\000.\0002\0000\000.\0002\000.\0002\0002\000\040\000D\000w\000J\000o\000b\000O\000f\000f\000e\000r\000U\000r\000l}{subsection.7.20.2}% 135
\BOOKMARK [3][-]{subsubsection.7.20.2.23}{\376\377\0007\000.\0002\0000\000.\0002\000.\0002\0003\000\040\000D\000w\000J\000o\000b\000t\000i\000t\000l\000e}{subsection.7.20.2}% 136
\BOOKMARK [3][-]{subsubsection.7.20.2.24}{\376\377\0007\000.\0002\0000\000.\0002\000.\0002\0004\000\040\000D\000w\000L\000a\000s\000t\000P\000h\000o\000n\000e\000C\000a\000l\000l}{subsection.7.20.2}% 137
\BOOKMARK [3][-]{subsubsection.7.20.2.25}{\376\377\0007\000.\0002\0000\000.\0002\000.\0002\0005\000\040\000D\000w\000R\000e\000f\000u\000s\000e\000d}{subsection.7.20.2}% 138
\BOOKMARK [3][-]{subsubsection.7.20.2.26}{\376\377\0007\000.\0002\0000\000.\0002\000.\0002\0006\000\040\000D\000w\000S\000e\000n\000t}{subsection.7.20.2}% 139
\BOOKMARK [3][-]{subsubsection.7.20.2.27}{\376\377\0007\000.\0002\0000\000.\0002\000.\0002\0007\000\040\000D\000w\000S\000t\000a\000t\000u\000s}{subsection.7.20.2}% 140
\BOOKMARK [3][-]{subsubsection.7.20.2.28}{\376\377\0007\000.\0002\0000\000.\0002\000.\0002\0008\000\040\000E\000m\000a\000i\000l\000H\000T\000M\000L}{subsection.7.20.2}% 141
\BOOKMARK [3][-]{subsubsection.7.20.2.29}{\376\377\0007\000.\0002\0000\000.\0002\000.\0002\0009\000\040\000E\000m\000a\000i\000l\000N\000o\000t\000S\000e\000t}{subsection.7.20.2}% 142
\BOOKMARK [3][-]{subsubsection.7.20.2.30}{\376\377\0007\000.\0002\0000\000.\0002\000.\0003\0000\000\040\000E\000m\000a\000i\000l\000N\000o\000t\000S\000e\000t\000H\000e\000a\000d\000e\000r}{subsection.7.20.2}% 143
\BOOKMARK [3][-]{subsubsection.7.20.2.31}{\376\377\0007\000.\0002\0000\000.\0002\000.\0003\0001\000\040\000E\000m\000a\000i\000l\000P\000l\000a\000i\000n}{subsection.7.20.2}% 144
\BOOKMARK [3][-]{subsubsection.7.20.2.32}{\376\377\0007\000.\0002\0000\000.\0002\000.\0003\0002\000\040\000E\000n\000u\000m\000S\000t\000a\000t\000u\000s\0000}{subsection.7.20.2}% 145
\BOOKMARK [3][-]{subsubsection.7.20.2.33}{\376\377\0007\000.\0002\0000\000.\0002\000.\0003\0003\000\040\000E\000n\000u\000m\000S\000t\000a\000t\000u\000s\0001}{subsection.7.20.2}% 146
\BOOKMARK [3][-]{subsubsection.7.20.2.34}{\376\377\0007\000.\0002\0000\000.\0002\000.\0003\0004\000\040\000E\000n\000u\000m\000S\000t\000a\000t\000u\000s\0002}{subsection.7.20.2}% 147
\BOOKMARK [3][-]{subsubsection.7.20.2.35}{\376\377\0007\000.\0002\0000\000.\0002\000.\0003\0005\000\040\000E\000n\000u\000m\000S\000t\000a\000t\000u\000s\0003}{subsection.7.20.2}% 148
\BOOKMARK [3][-]{subsubsection.7.20.2.36}{\376\377\0007\000.\0002\0000\000.\0002\000.\0003\0006\000\040\000G\000e\000n\000d\000e\000r\000F\000e\000m\000a\000l\000e}{subsection.7.20.2}% 149
\BOOKMARK [3][-]{subsubsection.7.20.2.37}{\376\377\0007\000.\0002\0000\000.\0002\000.\0003\0007\000\040\000G\000e\000n\000d\000e\000r\000M\000a\000l\000e}{subsection.7.20.2}% 150
\BOOKMARK [3][-]{subsubsection.7.20.2.38}{\376\377\0007\000.\0002\0000\000.\0002\000.\0003\0008\000\040\000G\000e\000n\000d\000e\000r\000U\000n\000k\000n\000o\000w\000n}{subsection.7.20.2}% 151
\BOOKMARK [3][-]{subsubsection.7.20.2.39}{\376\377\0007\000.\0002\0000\000.\0002\000.\0003\0009\000\040\000H\000R\000D\000e\000p\000a\000r\000t\000m\000e\000n\000t}{subsection.7.20.2}% 152
\BOOKMARK [3][-]{subsubsection.7.20.2.40}{\376\377\0007\000.\0002\0000\000.\0002\000.\0004\0000\000\040\000M\000s\000g\000D\000i\000r\000F\000i\000n\000a\000l\000P\000d\000f}{subsection.7.20.2}% 153
\BOOKMARK [3][-]{subsubsection.7.20.2.41}{\376\377\0007\000.\0002\0000\000.\0002\000.\0004\0001\000\040\000M\000s\000g\000E\000m\000a\000i\000l\000S\000e\000n\000t}{subsection.7.20.2}% 154
\BOOKMARK [3][-]{subsubsection.7.20.2.42}{\376\377\0007\000.\0002\0000\000.\0002\000.\0004\0002\000\040\000M\000s\000g\000H\000e\000a\000d\000e\000r\000I\000n\000f\000o}{subsection.7.20.2}% 155
\BOOKMARK [3][-]{subsubsection.7.20.2.43}{\376\377\0007\000.\0002\0000\000.\0002\000.\0004\0003\000\040\000M\000s\000g\000S\000e\000t\000u\000p\000C\000h\000e\000c\000k\000C\000o\000n\000f\000i\000g}{subsection.7.20.2}% 156
\BOOKMARK [3][-]{subsubsection.7.20.2.44}{\376\377\0007\000.\0002\0000\000.\0002\000.\0004\0004\000\040\000M\000s\000g\000S\000e\000t\000u\000p\000C\000h\000e\000c\000k\000C\000o\000n\000f\000i\000g\000H\000e\000a\000d\000e\000r}{subsection.7.20.2}% 157
\BOOKMARK [3][-]{subsubsection.7.20.2.45}{\376\377\0007\000.\0002\0000\000.\0002\000.\0004\0005\000\040\000M\000s\000g\000S\000e\000t\000u\000p\000C\000h\000e\000c\000k\000D\000o\000c\000u\000m\000e\000n\000t}{subsection.7.20.2}% 158
\BOOKMARK [3][-]{subsubsection.7.20.2.46}{\376\377\0007\000.\0002\0000\000.\0002\000.\0004\0006\000\040\000M\000s\000g\000S\000e\000t\000u\000p\000C\000h\000e\000c\000k\000D\000o\000c\000u\000m\000e\000n\000t\000H\000e\000a\000d\000e\000r}{subsection.7.20.2}% 159
\BOOKMARK [3][-]{subsubsection.7.20.2.47}{\376\377\0007\000.\0002\0000\000.\0002\000.\0004\0007\000\040\000M\000s\000g\000S\000e\000t\000u\000p\000C\000h\000e\000c\000k\000D\000o\000c\000u\000m\000e\000n\000t\000s\000C\000o\000p\000y}{subsection.7.20.2}% 160
\BOOKMARK [3][-]{subsubsection.7.20.2.48}{\376\377\0007\000.\0002\0000\000.\0002\000.\0004\0008\000\040\000M\000s\000g\000S\000e\000t\000u\000p\000C\000h\000e\000c\000k\000L\000a\000t\000e\000x}{subsection.7.20.2}% 161
\BOOKMARK [3][-]{subsubsection.7.20.2.49}{\376\377\0007\000.\0002\0000\000.\0002\000.\0004\0009\000\040\000M\000s\000g\000S\000e\000t\000u\000p\000C\000h\000e\000c\000k\000L\000a\000t\000e\000x\000H\000e\000a\000d\000e\000r}{subsection.7.20.2}% 162
\BOOKMARK [3][-]{subsubsection.7.20.2.50}{\376\377\0007\000.\0002\0000\000.\0002\000.\0005\0000\000\040\000M\000W\000G\000o\000D\000a\000t\000a\000b\000a\000s\000e}{subsection.7.20.2}% 163
\BOOKMARK [3][-]{subsubsection.7.20.2.51}{\376\377\0007\000.\0002\0000\000.\0002\000.\0005\0001\000\040\000M\000W\000S\000t\000a\000r\000t\000W\000r\000i\000t\000e\000J\000o\000b\000A\000p\000p\000l\000i\000c\000a\000t\000i\000o\000n}{subsection.7.20.2}% 164
\BOOKMARK [3][-]{subsubsection.7.20.2.52}{\376\377\0007\000.\0002\0000\000.\0002\000.\0005\0002\000\040\000M\000W\000T\000i\000t\000l\000e}{subsection.7.20.2}% 165
\BOOKMARK [3][-]{subsubsection.7.20.2.53}{\376\377\0007\000.\0002\0000\000.\0002\000.\0005\0003\000\040\000M\000W\000U\000s\000e\000r\000s\000e\000t\000t\000i\000n\000g\000s}{subsection.7.20.2}% 166
\BOOKMARK [3][-]{subsubsection.7.20.2.54}{\376\377\0007\000.\0002\0000\000.\0002\000.\0005\0004\000\040\000R\000e\000s\000o\000u\000r\000c\000e\000M\000a\000n\000a\000g\000e\000r}{subsection.7.20.2}% 167
\BOOKMARK [3][-]{subsubsection.7.20.2.55}{\376\377\0007\000.\0002\0000\000.\0002\000.\0005\0005\000\040\000S\000a\000l\000u\000t\000a\000t\000i\000o\000n\000F\000e\000m\000a\000l\000e}{subsection.7.20.2}% 168
\BOOKMARK [3][-]{subsubsection.7.20.2.56}{\376\377\0007\000.\0002\0000\000.\0002\000.\0005\0006\000\040\000S\000a\000l\000u\000t\000a\000t\000i\000o\000n\000M\000a\000l\000e}{subsection.7.20.2}% 169
\BOOKMARK [3][-]{subsubsection.7.20.2.57}{\376\377\0007\000.\0002\0000\000.\0002\000.\0005\0007\000\040\000S\000a\000l\000u\000t\000a\000t\000i\000o\000n\000U\000n\000k\000n\000o\000w\000n}{subsection.7.20.2}% 170
\BOOKMARK [3][-]{subsubsection.7.20.2.58}{\376\377\0007\000.\0002\0000\000.\0002\000.\0005\0008\000\040\000S\000u\000b\000j\000e\000c\000t\000p\000r\000e\000f\000i\000x}{subsection.7.20.2}% 171
\BOOKMARK [3][-]{subsubsection.7.20.2.59}{\376\377\0007\000.\0002\0000\000.\0002\000.\0005\0009\000\040\000U\000s\000B\000i\000t\000L\000y\000T\000o\000k\000e\000n}{subsection.7.20.2}% 172
\BOOKMARK [3][-]{subsubsection.7.20.2.60}{\376\377\0007\000.\0002\0000\000.\0002\000.\0006\0000\000\040\000U\000s\000B\000l\000o\000g}{subsection.7.20.2}% 173
\BOOKMARK [3][-]{subsubsection.7.20.2.61}{\376\377\0007\000.\0002\0000\000.\0002\000.\0006\0001\000\040\000U\000s\000B\000t\000n\000S\000a\000v\000e}{subsection.7.20.2}% 174
\BOOKMARK [3][-]{subsubsection.7.20.2.62}{\376\377\0007\000.\0002\0000\000.\0002\000.\0006\0002\000\040\000U\000s\000E\000m\000a\000i\000l\000a\000d\000d\000r\000e\000s\000s}{subsection.7.20.2}% 175
\BOOKMARK [3][-]{subsubsection.7.20.2.63}{\376\377\0007\000.\0002\0000\000.\0002\000.\0006\0003\000\040\000U\000s\000E\000m\000a\000i\000l\000S\000e\000t\000t\000i\000n\000g\000s}{subsection.7.20.2}% 176
\BOOKMARK [3][-]{subsubsection.7.20.2.64}{\376\377\0007\000.\0002\0000\000.\0002\000.\0006\0004\000\040\000U\000s\000F\000a\000m\000i\000l\000y\000n\000a\000m\000e}{subsection.7.20.2}% 177
\BOOKMARK [3][-]{subsubsection.7.20.2.65}{\376\377\0007\000.\0002\0000\000.\0002\000.\0006\0005\000\040\000U\000s\000F\000i\000r\000s\000t\000n\000a\000m\000e}{subsection.7.20.2}% 178
\BOOKMARK [3][-]{subsubsection.7.20.2.66}{\376\377\0007\000.\0002\0000\000.\0002\000.\0006\0006\000\040\000U\000s\000H\000e\000a\000d\000e\000r}{subsection.7.20.2}% 179
\BOOKMARK [3][-]{subsubsection.7.20.2.67}{\376\377\0007\000.\0002\0000\000.\0002\000.\0006\0007\000\040\000U\000s\000P\000e\000r\000s\000o\000n\000a\000l\000S\000e\000t\000t\000i\000n\000g\000s}{subsection.7.20.2}% 180
\BOOKMARK [3][-]{subsubsection.7.20.2.68}{\376\377\0007\000.\0002\0000\000.\0002\000.\0006\0008\000\040\000U\000s\000P\000h\000o\000n\000e\000n\000u\000m\000b\000e\000r}{subsection.7.20.2}% 181
\BOOKMARK [3][-]{subsubsection.7.20.2.69}{\376\377\0007\000.\0002\0000\000.\0002\000.\0006\0009\000\040\000U\000s\000S\000m\000t\000p\000P\000a\000s\000s\000w\000o\000r\000d}{subsection.7.20.2}% 182
\BOOKMARK [3][-]{subsubsection.7.20.2.70}{\376\377\0007\000.\0002\0000\000.\0002\000.\0007\0000\000\040\000U\000s\000S\000m\000t\000p\000P\000o\000r\000t}{subsection.7.20.2}% 183
\BOOKMARK [3][-]{subsubsection.7.20.2.71}{\376\377\0007\000.\0002\0000\000.\0002\000.\0007\0001\000\040\000U\000s\000S\000m\000t\000p\000S\000e\000r\000v\000e\000r}{subsection.7.20.2}% 184
\BOOKMARK [3][-]{subsubsection.7.20.2.72}{\376\377\0007\000.\0002\0000\000.\0002\000.\0007\0002\000\040\000U\000s\000S\000m\000t\000p\000U\000s\000e\000r}{subsection.7.20.2}% 185
\BOOKMARK [3][-]{subsubsection.7.20.2.73}{\376\377\0007\000.\0002\0000\000.\0002\000.\0007\0003\000\040\000U\000s\000S\000t\000r\000e\000e\000t}{subsection.7.20.2}% 186
\BOOKMARK [3][-]{subsubsection.7.20.2.74}{\376\377\0007\000.\0002\0000\000.\0002\000.\0007\0004\000\040\000U\000s\000T\000i\000t\000l\000e}{subsection.7.20.2}% 187
\BOOKMARK [3][-]{subsubsection.7.20.2.75}{\376\377\0007\000.\0002\0000\000.\0002\000.\0007\0005\000\040\000U\000s\000Z\000i\000p\000C\000i\000t\000y}{subsection.7.20.2}% 188
\BOOKMARK [3][-]{subsubsection.7.20.2.76}{\376\377\0007\000.\0002\0000\000.\0002\000.\0007\0006\000\040\000W\000J\000A\000A\000p\000p\000l\000i\000c\000a\000t\000i\000o\000n}{subsection.7.20.2}% 189
\BOOKMARK [3][-]{subsubsection.7.20.2.77}{\376\377\0007\000.\0002\0000\000.\0002\000.\0007\0007\000\040\000W\000J\000A\000B\000t\000n\000C\000o\000n\000f\000i\000g}{subsection.7.20.2}% 190
\BOOKMARK [3][-]{subsubsection.7.20.2.78}{\376\377\0007\000.\0002\0000\000.\0002\000.\0007\0008\000\040\000W\000J\000A\000B\000t\000n\000D\000a\000t\000a\000b\000a\000s\000e}{subsection.7.20.2}% 191
\BOOKMARK [3][-]{subsubsection.7.20.2.79}{\376\377\0007\000.\0002\0000\000.\0002\000.\0007\0009\000\040\000W\000J\000A\000B\000t\000n\000G\000e\000n\000e\000r\000a\000t\000e}{subsection.7.20.2}% 192
\BOOKMARK [3][-]{subsubsection.7.20.2.80}{\376\377\0007\000.\0002\0000\000.\0002\000.\0008\0000\000\040\000W\000J\000A\000C\000i\000t\000y}{subsection.7.20.2}% 193
\BOOKMARK [3][-]{subsubsection.7.20.2.81}{\376\377\0007\000.\0002\0000\000.\0002\000.\0008\0001\000\040\000W\000J\000A\000C\000o\000m\000p\000a\000n\000y\000D\000e\000t\000a\000i\000l\000s}{subsection.7.20.2}% 194
\BOOKMARK [3][-]{subsubsection.7.20.2.82}{\376\377\0007\000.\0002\0000\000.\0002\000.\0008\0002\000\040\000W\000J\000A\000C\000o\000m\000p\000a\000n\000y\000N\000a\000m\000e}{subsection.7.20.2}% 195
\BOOKMARK [3][-]{subsubsection.7.20.2.83}{\376\377\0007\000.\0002\0000\000.\0002\000.\0008\0003\000\040\000W\000J\000A\000C\000o\000m\000p\000a\000n\000y\000S\000t\000r\000e\000e\000t}{subsection.7.20.2}% 196
\BOOKMARK [3][-]{subsubsection.7.20.2.84}{\376\377\0007\000.\0002\0000\000.\0002\000.\0008\0004\000\040\000W\000J\000A\000C\000o\000n\000t\000a\000c\000t}{subsection.7.20.2}% 197
\BOOKMARK [3][-]{subsubsection.7.20.2.85}{\376\377\0007\000.\0002\0000\000.\0002\000.\0008\0005\000\040\000W\000J\000A\000C\000o\000n\000t\000a\000c\000t\000N\000a\000m\000e}{subsection.7.20.2}% 198
\BOOKMARK [3][-]{subsubsection.7.20.2.86}{\376\377\0007\000.\0002\0000\000.\0002\000.\0008\0006\000\040\000W\000J\000A\000E\000m\000a\000i\000l}{subsection.7.20.2}% 199
\BOOKMARK [3][-]{subsubsection.7.20.2.87}{\376\377\0007\000.\0002\0000\000.\0002\000.\0008\0007\000\040\000W\000J\000A\000G\000e\000n\000d\000e\000r}{subsection.7.20.2}% 200
\BOOKMARK [3][-]{subsubsection.7.20.2.88}{\376\377\0007\000.\0002\0000\000.\0002\000.\0008\0008\000\040\000W\000J\000A\000H\000e\000a\000d\000e\000r}{subsection.7.20.2}% 201
\BOOKMARK [3][-]{subsubsection.7.20.2.89}{\376\377\0007\000.\0002\0000\000.\0002\000.\0008\0009\000\040\000W\000J\000A\000I\000n\000i\000t\000i\000a\000t\000i\000v\000e}{subsection.7.20.2}% 202
\BOOKMARK [3][-]{subsubsection.7.20.2.90}{\376\377\0007\000.\0002\0000\000.\0002\000.\0009\0000\000\040\000W\000J\000A\000I\000n\000i\000t\000i\000a\000t\000i\000v\000e\000L\000a\000b\000e\000l}{subsection.7.20.2}% 203
\BOOKMARK [3][-]{subsubsection.7.20.2.91}{\376\377\0007\000.\0002\0000\000.\0002\000.\0009\0001\000\040\000W\000J\000A\000J\000o\000b\000t\000i\000t\000l\000e}{subsection.7.20.2}% 204
\BOOKMARK [3][-]{subsubsection.7.20.2.92}{\376\377\0007\000.\0002\0000\000.\0002\000.\0009\0002\000\040\000W\000J\000A\000U\000r\000l}{subsection.7.20.2}% 205
\BOOKMARK [3][-]{subsubsection.7.20.2.93}{\376\377\0007\000.\0002\0000\000.\0002\000.\0009\0003\000\040\000W\000J\000A\000Z\000i\000p}{subsection.7.20.2}% 206
\BOOKMARK [1][-]{section.7.21}{\376\377\0007\000.\0002\0001\000\040\000l\000a\000t\000e\000x\000\137\000c\000u\000r\000r\000i\000c\000u\000l\000u\000m\000\137\000v\000i\000t\000a\000e\000.\000S\000e\000t\000u\000p\000\040\000C\000l\000a\000s\000s\000\040\000R\000e\000f\000e\000r\000e\000n\000c\000e}{chapter.7}% 207
\BOOKMARK [2][-]{subsection.7.21.1}{\376\377\0007\000.\0002\0001\000.\0001\000\040\000D\000e\000t\000a\000i\000l\000e\000d\000\040\000D\000e\000s\000c\000r\000i\000p\000t\000i\000o\000n}{section.7.21}% 208
\BOOKMARK [2][-]{subsection.7.21.2}{\376\377\0007\000.\0002\0001\000.\0002\000\040\000M\000e\000m\000b\000e\000r\000\040\000F\000u\000n\000c\000t\000i\000o\000n\000\040\000D\000o\000c\000u\000m\000e\000n\000t\000a\000t\000i\000o\000n}{section.7.21}% 209
\BOOKMARK [3][-]{subsubsection.7.21.2.1}{\376\377\0007\000.\0002\0001\000.\0002\000.\0001\000\040\000C\000h\000e\000c\000k\000A\000p\000p\000C\000o\000n\000f\000i\000g\000\050\000\051}{subsection.7.21.2}% 210
\BOOKMARK [3][-]{subsubsection.7.21.2.2}{\376\377\0007\000.\0002\0001\000.\0002\000.\0002\000\040\000C\000h\000e\000c\000k\000D\000o\000c\000u\000m\000e\000n\000t\000s\000P\000a\000t\000h\000\050\000\051}{subsection.7.21.2}% 211
\BOOKMARK [3][-]{subsubsection.7.21.2.3}{\376\377\0007\000.\0002\0001\000.\0002\000.\0003\000\040\000C\000h\000e\000c\000k\000L\000a\000t\000e\000x\000P\000a\000t\000h\000\050\000\051}{subsection.7.21.2}% 212
\BOOKMARK [3][-]{subsubsection.7.21.2.4}{\376\377\0007\000.\0002\0001\000.\0002\000.\0004\000\040\000C\000l\000e\000a\000n\000u\000p\000\050\000\051}{subsection.7.21.2}% 213
\BOOKMARK [3][-]{subsubsection.7.21.2.5}{\376\377\0007\000.\0002\0001\000.\0002\000.\0005\000\040\000C\000o\000p\000y\000D\000o\000c\000u\000m\000e\000n\000t\000s\000\050\000\051}{subsection.7.21.2}% 214
\BOOKMARK [3][-]{subsubsection.7.21.2.6}{\376\377\0007\000.\0002\0001\000.\0002\000.\0006\000\040\000C\000r\000e\000a\000t\000e\000D\000o\000c\000u\000m\000e\000n\000t\000s\000P\000a\000t\000h\000\050\000\051}{subsection.7.21.2}% 215
\BOOKMARK [3][-]{subsubsection.7.21.2.7}{\376\377\0007\000.\0002\0001\000.\0002\000.\0007\000\040\000G\000e\000t\000O\000n\000l\000i\000n\000e\000D\000o\000c\000u\000m\000e\000n\000t\000a\000t\000i\000o\000n\000\050\000\051}{subsection.7.21.2}% 216
\BOOKMARK [1][-]{section.7.22}{\376\377\0007\000.\0002\0002\000\040\000l\000a\000t\000e\000x\000\137\000c\000u\000r\000r\000i\000c\000u\000l\000u\000m\000\137\000v\000i\000t\000a\000e\000.\000U\000s\000e\000r\000\040\000C\000l\000a\000s\000s\000\040\000R\000e\000f\000e\000r\000e\000n\000c\000e}{chapter.7}% 217
\BOOKMARK [2][-]{subsection.7.22.1}{\376\377\0007\000.\0002\0002\000.\0001\000\040\000D\000e\000t\000a\000i\000l\000e\000d\000\040\000D\000e\000s\000c\000r\000i\000p\000t\000i\000o\000n}{section.7.22}% 218
\BOOKMARK [2][-]{subsection.7.22.2}{\376\377\0007\000.\0002\0002\000.\0002\000\040\000C\000o\000n\000s\000t\000r\000u\000c\000t\000o\000r\000\040\000\046\000\040\000D\000e\000s\000t\000r\000u\000c\000t\000o\000r\000\040\000D\000o\000c\000u\000m\000e\000n\000t\000a\000t\000i\000o\000n}{section.7.22}% 219
\BOOKMARK [3][-]{subsubsection.7.22.2.1}{\376\377\0007\000.\0002\0002\000.\0002\000.\0001\000\040\000U\000s\000e\000r\000\050\000\051}{subsection.7.22.2}% 220
\BOOKMARK [2][-]{subsection.7.22.3}{\376\377\0007\000.\0002\0002\000.\0003\000\040\000M\000e\000m\000b\000e\000r\000\040\000F\000u\000n\000c\000t\000i\000o\000n\000\040\000D\000o\000c\000u\000m\000e\000n\000t\000a\000t\000i\000o\000n}{section.7.22}% 221
\BOOKMARK [3][-]{subsubsection.7.22.3.1}{\376\377\0007\000.\0002\0002\000.\0003\000.\0001\000\040\000U\000s\000e\000r\000F\000i\000l\000e\000\050\000\051}{subsection.7.22.3}% 222
\BOOKMARK [1][-]{section.7.23}{\376\377\0007\000.\0002\0003\000\040\000l\000a\000t\000e\000x\000\137\000c\000u\000r\000r\000i\000c\000u\000l\000u\000m\000\137\000v\000i\000t\000a\000e\000.\000U\000s\000e\000r\000S\000e\000t\000t\000i\000n\000g\000s\000W\000i\000n\000d\000o\000w\000\040\000C\000l\000a\000s\000s\000\040\000R\000e\000f\000e\000r\000e\000n\000c\000e}{chapter.7}% 223
\BOOKMARK [2][-]{subsection.7.23.1}{\376\377\0007\000.\0002\0003\000.\0001\000\040\000D\000e\000t\000a\000i\000l\000e\000d\000\040\000D\000e\000s\000c\000r\000i\000p\000t\000i\000o\000n}{section.7.23}% 224
\BOOKMARK [2][-]{subsection.7.23.2}{\376\377\0007\000.\0002\0003\000.\0002\000\040\000M\000e\000m\000b\000e\000r\000\040\000F\000u\000n\000c\000t\000i\000o\000n\000\040\000D\000o\000c\000u\000m\000e\000n\000t\000a\000t\000i\000o\000n}{section.7.23}% 225
\BOOKMARK [3][-]{subsubsection.7.23.2.1}{\376\377\0007\000.\0002\0003\000.\0002\000.\0001\000\040\000I\000n\000i\000t\000i\000a\000l\000i\000z\000e\000C\000o\000m\000p\000o\000n\000e\000n\000t\000\050\000\051\000\040\000[\0001\000/\0009\000]}{subsection.7.23.2}% 226
\BOOKMARK [3][-]{subsubsection.7.23.2.2}{\376\377\0007\000.\0002\0003\000.\0002\000.\0002\000\040\000I\000n\000i\000t\000i\000a\000l\000i\000z\000e\000C\000o\000m\000p\000o\000n\000e\000n\000t\000\050\000\051\000\040\000[\0002\000/\0009\000]}{subsection.7.23.2}% 227
\BOOKMARK [3][-]{subsubsection.7.23.2.3}{\376\377\0007\000.\0002\0003\000.\0002\000.\0003\000\040\000I\000n\000i\000t\000i\000a\000l\000i\000z\000e\000C\000o\000m\000p\000o\000n\000e\000n\000t\000\050\000\051\000\040\000[\0003\000/\0009\000]}{subsection.7.23.2}% 228
\BOOKMARK [3][-]{subsubsection.7.23.2.4}{\376\377\0007\000.\0002\0003\000.\0002\000.\0004\000\040\000I\000n\000i\000t\000i\000a\000l\000i\000z\000e\000C\000o\000m\000p\000o\000n\000e\000n\000t\000\050\000\051\000\040\000[\0004\000/\0009\000]}{subsection.7.23.2}% 229
\BOOKMARK [3][-]{subsubsection.7.23.2.5}{\376\377\0007\000.\0002\0003\000.\0002\000.\0005\000\040\000I\000n\000i\000t\000i\000a\000l\000i\000z\000e\000C\000o\000m\000p\000o\000n\000e\000n\000t\000\050\000\051\000\040\000[\0005\000/\0009\000]}{subsection.7.23.2}% 230
\BOOKMARK [3][-]{subsubsection.7.23.2.6}{\376\377\0007\000.\0002\0003\000.\0002\000.\0006\000\040\000I\000n\000i\000t\000i\000a\000l\000i\000z\000e\000C\000o\000m\000p\000o\000n\000e\000n\000t\000\050\000\051\000\040\000[\0006\000/\0009\000]}{subsection.7.23.2}% 231
\BOOKMARK [3][-]{subsubsection.7.23.2.7}{\376\377\0007\000.\0002\0003\000.\0002\000.\0007\000\040\000I\000n\000i\000t\000i\000a\000l\000i\000z\000e\000C\000o\000m\000p\000o\000n\000e\000n\000t\000\050\000\051\000\040\000[\0007\000/\0009\000]}{subsection.7.23.2}% 232
\BOOKMARK [3][-]{subsubsection.7.23.2.8}{\376\377\0007\000.\0002\0003\000.\0002\000.\0008\000\040\000I\000n\000i\000t\000i\000a\000l\000i\000z\000e\000C\000o\000m\000p\000o\000n\000e\000n\000t\000\050\000\051\000\040\000[\0008\000/\0009\000]}{subsection.7.23.2}% 233
\BOOKMARK [3][-]{subsubsection.7.23.2.9}{\376\377\0007\000.\0002\0003\000.\0002\000.\0009\000\040\000I\000n\000i\000t\000i\000a\000l\000i\000z\000e\000C\000o\000m\000p\000o\000n\000e\000n\000t\000\050\000\051\000\040\000[\0009\000/\0009\000]}{subsection.7.23.2}% 234
\BOOKMARK [1][-]{section.7.24}{\376\377\0007\000.\0002\0004\000\040\000l\000a\000t\000e\000x\000\137\000c\000u\000r\000r\000i\000c\000u\000l\000u\000m\000\137\000v\000i\000t\000a\000e\000.\000W\000r\000i\000t\000e\000J\000o\000b\000A\000p\000p\000l\000i\000c\000a\000t\000i\000o\000n\000W\000i\000n\000d\000o\000w\000\040\000C\000l\000a\000s\000s\000\040\000R\000e\000f\000e\000r\000e\000n\000c\000e}{chapter.7}% 235
\BOOKMARK [2][-]{subsection.7.24.1}{\376\377\0007\000.\0002\0004\000.\0001\000\040\000D\000e\000t\000a\000i\000l\000e\000d\000\040\000D\000e\000s\000c\000r\000i\000p\000t\000i\000o\000n}{section.7.24}% 236
\BOOKMARK [2][-]{subsection.7.24.2}{\376\377\0007\000.\0002\0004\000.\0002\000\040\000M\000e\000m\000b\000e\000r\000\040\000F\000u\000n\000c\000t\000i\000o\000n\000\040\000D\000o\000c\000u\000m\000e\000n\000t\000a\000t\000i\000o\000n}{section.7.24}% 237
\BOOKMARK [3][-]{subsubsection.7.24.2.1}{\376\377\0007\000.\0002\0004\000.\0002\000.\0001\000\040\000I\000n\000i\000t\000i\000a\000l\000i\000z\000e\000C\000o\000m\000p\000o\000n\000e\000n\000t\000\050\000\051\000\040\000[\0001\000/\0002\000]}{subsection.7.24.2}% 238
\BOOKMARK [3][-]{subsubsection.7.24.2.2}{\376\377\0007\000.\0002\0004\000.\0002\000.\0002\000\040\000I\000n\000i\000t\000i\000a\000l\000i\000z\000e\000C\000o\000m\000p\000o\000n\000e\000n\000t\000\050\000\051\000\040\000[\0002\000/\0002\000]}{subsection.7.24.2}% 239
\BOOKMARK [0][-]{section*.63}{\376\377\000I\000n\000d\000e\000x}{}% 240
